<?xml version="1.0" encoding="UTF-8"?>
<testsuites name="jest tests" tests="24" failures="0" time="8.138">
  <testsuite name="Full file merge" errors="0" failures="0" skipped="0" timestamp="2020-02-03T20:18:49" time="5.605" tests="13">
    <testcase classname="Full file merge merge two files" name="Full file merge merge two files" time="0.008">
    </testcase>
    <testcase classname="Full file merge merge three files" name="Full file merge merge three files" time="0.002">
    </testcase>
    <testcase classname="Partial file merge  merge two files" name="Partial file merge  merge two files" time="0.003">
    </testcase>
    <testcase classname="Partial file merge  merge two files with multiple paths" name="Partial file merge  merge two files with multiple paths" time="0.002">
    </testcase>
    <testcase classname="Partial file merge merge three files" name="Partial file merge merge three files" time="0.002">
    </testcase>
    <testcase classname="Partial file merge merge three files - with multiple paths" name="Partial file merge merge three files - with multiple paths" time="0.005">
    </testcase>
    <testcase classname="Partial file merge - with override merge two files" name="Partial file merge - with override merge two files" time="0.002">
    </testcase>
    <testcase classname="Partial file merge - with override merge three files" name="Partial file merge - with override merge three files" time="0.003">
    </testcase>
    <testcase classname="Partial file merge - with override two files - if path does not exist return the first file " name="Partial file merge - with override two files - if path does not exist return the first file " time="0.003">
    </testcase>
    <testcase classname="Partial file merge - with override three files - if path does not exist the return first file " name="Partial file merge - with override three files - if path does not exist the return first file " time="0.001">
    </testcase>
    <testcase classname="Error conditions if merging only one file, throw error" name="Error conditions if merging only one file, throw error" time="0.007">
    </testcase>
    <testcase classname="Error conditions if path to file is wrong, throw error" name="Error conditions if path to file is wrong, throw error" time="0.002">
    </testcase>
    <testcase classname="Error conditions if malformed json throw error" name="Error conditions if malformed json throw error" time="0.002">
    </testcase>
  </testsuite>
  <testsuite name="CLI args" errors="0" failures="0" skipped="0" timestamp="2020-02-03T20:18:55" time="0.54" tests="2">
    <testcase classname="CLI args pass and parse all arguments" name="CLI args pass and parse all arguments" time="0.006">
    </testcase>
    <testcase classname="CLI args if no arguments, show help" name="CLI args if no arguments, show help" time="0.001">
    </testcase>
  </testsuite>
  <testsuite name="Merge objects partially" errors="0" failures="0" skipped="0" timestamp="2020-02-03T20:18:55" time="0.491" tests="9">
    <testcase classname="Merge objects partially two objects - one path" name="Merge objects partially two objects - one path" time="0.002">
    </testcase>
    <testcase classname="Merge objects partially two objects - two paths" name="Merge objects partially two objects - two paths" time="0.001">
    </testcase>
    <testcase classname="Merge objects partially three objects - two paths" name="Merge objects partially three objects - two paths" time="0.002">
    </testcase>
    <testcase classname="Merge objects partially custom properties on the first object are not completely overwritten" name="Merge objects partially custom properties on the first object are not completely overwritten" time="0.001">
    </testcase>
    <testcase classname="Merge objects partially pass in empty objec as the first object" name="Merge objects partially pass in empty objec as the first object" time="0.001">
    </testcase>
    <testcase classname="Merge objects partially first object does not have one of the paths" name="Merge objects partially first object does not have one of the paths" time="0.002">
    </testcase>
    <testcase classname="Merge objects partially if path does not exist, return the first object" name="Merge objects partially if path does not exist, return the first object" time="0.001">
    </testcase>
    <testcase classname="Merge objects partially If one of the objects to be merged (execept first) does not have the path, throw" name="Merge objects partially If one of the objects to be merged (execept first) does not have the path, throw" time="0.01">
    </testcase>
    <testcase classname="Merge objects partially If &quot;allowUndefined&quot; is true, do not throw when one of the objects to be merged does not have the path" name="Merge objects partially If &quot;allowUndefined&quot; is true, do not throw when one of the objects to be merged does not have the path" time="0.001">
    </testcase>
  </testsuite>
</testsuites>